Arguments: 
  C:\Program Files\nodejs\node.exe C:\Users\hunte\AppData\Roaming\npm\node_modules\yarn\bin\yarn.js add -D typescript nodemon ts-node @types/express @type/node

PATH: 
  C:\Program Files\Microsoft\jdk-11.0.16.101-hotspot\bin;C:\Program Files\Common Files\Oracle\Java\javapath;C:\Program Files (x86)\Common Files\Oracle\Java\javapath;C:\WINDOWS\system32;C:\WINDOWS;C:\WINDOWS\System32\Wbem;C:\WINDOWS\System32\WindowsPowerShell\v1.0\;C:\WINDOWS\System32\OpenSSH\;C:\Users\hunte\AppData\Roaming\nvm;C:\Program Files\nodejs;C:\Program Files\Docker\Docker\resources\bin;C:\Program Files\Git\cmd;C:\Program Files\nodejs\;C:\Program Files\dotnet\;C:\Users\hunte\anaconda3;C:\Users\hunte\anaconda3\Library\mingw-w64\bin;C:\Users\hunte\anaconda3\Library\usr\bin;C:\Users\hunte\anaconda3\Library\bin;C:\Users\hunte\anaconda3\Scripts;C:\Users\hunte\AppData\Local\Programs\Python\Python311\Scripts\;C:\Users\hunte\AppData\Local\Programs\Python\Python311\;C:\Users\hunte\AppData\Local\Microsoft\WindowsApps;C:\Users\hunte\AppData\Roaming\nvm;C:\Program Files\nodejs;C:\Users\hunte\AppData\Local\Programs\Microsoft VS Code\bin;C:\flutter\bin;C:\Users\hunte\AppData\Roaming\npm;C:\Users\hunte\.dotnet\tools

Yarn version: 
  1.22.19

Node version: 
  18.14.0

Platform: 
  win32 x64

Trace: 
  Error: https://registry.yarnpkg.com/@type%2fnode: Not found
      at params.callback [as _callback] (C:\Users\hunte\AppData\Roaming\npm\node_modules\yarn\lib\cli.js:66145:18)
      at self.callback (C:\Users\hunte\AppData\Roaming\npm\node_modules\yarn\lib\cli.js:140890:22)
      at Request.emit (node:events:513:28)
      at Request.<anonymous> (C:\Users\hunte\AppData\Roaming\npm\node_modules\yarn\lib\cli.js:141862:10)
      at Request.emit (node:events:513:28)
      at IncomingMessage.<anonymous> (C:\Users\hunte\AppData\Roaming\npm\node_modules\yarn\lib\cli.js:141784:12)
      at Object.onceWrapper (node:events:627:28)
      at IncomingMessage.emit (node:events:525:35)
      at endReadableNT (node:internal/streams/readable:1359:12)
      at process.processTicksAndRejections (node:internal/process/task_queues:82:21)

npm manifest: 
  {
    "name": "API-TypeScript",
    "version": "1.0.0",
    "main": "index.js",
    "license": "MIT"
  }

yarn manifest: 
  No manifest

Lockfile: 
  No lockfile
